<?xml version="1.0" encoding="UTF-8"?>
<testng-results skipped="0" failed="0" ignored="0" total="1" passed="1">
  <reporter-output>
  </reporter-output>
  <suite name="Default suite" duration-ms="13779" started-at="2019-03-14T11:04:39Z" finished-at="2019-03-14T11:04:53Z">
    <groups>
    </groups>
    <test name="Default test" duration-ms="13779" started-at="2019-03-14T11:04:39Z" finished-at="2019-03-14T11:04:53Z">
      <class name="com.qa.test.App">
        <test-method status="PASS" signature="setUp()[pri:0, instance:com.qa.test.App@4501b7af]" name="setUp" is-config="true" duration-ms="6426" started-at="2019-03-14T11:04:39Z" finished-at="2019-03-14T11:04:46Z">
          <reporter-output>
          </reporter-output>
        </test-method> <!-- setUp -->
        <test-method status="PASS" signature="titleTest()[pri:0, instance:com.qa.test.App@4501b7af]" name="titleTest" duration-ms="9" started-at="2019-03-14T11:04:46Z" finished-at="2019-03-14T11:04:46Z">
          <reporter-output>
          </reporter-output>
        </test-method> <!-- titleTest -->
        <test-method status="PASS" signature="tearDown()[pri:0, instance:com.qa.test.App@4501b7af]" name="tearDown" is-config="true" duration-ms="7324" started-at="2019-03-14T11:04:46Z" finished-at="2019-03-14T11:04:53Z">
          <reporter-output>
          </reporter-output>
        </test-method> <!-- tearDown -->
      </class> <!-- com.qa.test.App -->
    </test> <!-- Default test -->
  </suite> <!-- Default suite -->
</testng-results>
